<?xml version="1.0" encoding="UTF-8"?>
<testng-results ignored="0" total="2" passed="2" failed="0" skipped="0">
  <reporter-output>
  </reporter-output>
  <suite started-at="2023-08-25T11:42:17 IST" name="Suite" finished-at="2023-08-25T11:42:22 IST" duration-ms="4474">
    <groups>
    </groups>
    <test started-at="2023-08-25T11:42:17 IST" name="Test" finished-at="2023-08-25T11:42:22 IST" duration-ms="4474">
      <class name="listeners.Testclass1">
        <test-method signature="Test1()[pri:0, instance:listeners.Testclass1@2f9f7dcf]" started-at="2023-08-25T11:42:18 IST" name="Test1" finished-at="2023-08-25T11:42:22 IST" duration-ms="4396" status="PASS">
          <reporter-output>
          </reporter-output>
        </test-method> <!-- Test1 -->
      </class> <!-- listeners.Testclass1 -->
    </test> <!-- Test -->
  </suite> <!-- Suite -->
  <suite started-at="2023-08-25T11:42:22 IST" name="Suite (0)" finished-at="2023-08-25T11:42:29 IST" duration-ms="6561">
    <groups>
    </groups>
    <test started-at="2023-08-25T11:42:22 IST" name="Test" finished-at="2023-08-25T11:42:29 IST" duration-ms="6561">
      <class name="listeners.Testclass2">
        <test-method signature="Test1()[pri:0, instance:listeners.Testclass2@6c6cb480]" started-at="2023-08-25T11:42:22 IST" name="Test1" finished-at="2023-08-25T11:42:29 IST" duration-ms="6555" status="PASS">
          <reporter-output>
          </reporter-output>
        </test-method> <!-- Test1 -->
      </class> <!-- listeners.Testclass2 -->
    </test> <!-- Test -->
  </suite> <!-- Suite (0) -->
  <suite started-at="2023-08-25T11:42:29 IST" name="parentsuite" finished-at="2023-08-25T11:42:29 IST" duration-ms="0">
    <groups>
    </groups>
  </suite> <!-- parentsuite -->
</testng-results>
